2019-03-27 09:24:55,071 [INFO ] fr.recia.grr.MetierApplication - Starting MetierApplication on GFI302151 with PID 1812 (E:\RECIA\ESCOSynchroGRR\target\classes started by FRUP69169 in E:\RECIA\ESCOSynchroGRR)
2019-03-27 09:24:55,075 [DEBUG] fr.recia.grr.MetierApplication - Running with Spring Boot v2.1.1.RELEASE, Spring v5.1.3.RELEASE
2019-03-27 09:24:55,075 [INFO ] fr.recia.grr.MetierApplication - No active profile set, falling back to default profiles: default
2019-03-27 09:24:55,220 [ERROR] o.s.boot.SpringApplication - Application run failed
org.springframework.beans.factory.BeanDefinitionStoreException: Failed to parse configuration class [fr.recia.grr.MetierApplication]; nested exception is java.io.FileNotFoundException: class path resource [regroupementEtablissements.properties] cannot be opened because it does not exist
	at org.springframework.context.annotation.ConfigurationClassParser.parse(ConfigurationClassParser.java:181)
	at org.springframework.context.annotation.ConfigurationClassPostProcessor.processConfigBeanDefinitions(ConfigurationClassPostProcessor.java:315)
	at org.springframework.context.annotation.ConfigurationClassPostProcessor.postProcessBeanDefinitionRegistry(ConfigurationClassPostProcessor.java:232)
	at org.springframework.context.support.PostProcessorRegistrationDelegate.invokeBeanDefinitionRegistryPostProcessors(PostProcessorRegistrationDelegate.java:275)
	at org.springframework.context.support.PostProcessorRegistrationDelegate.invokeBeanFactoryPostProcessors(PostProcessorRegistrationDelegate.java:95)
	at org.springframework.context.support.AbstractApplicationContext.invokeBeanFactoryPostProcessors(AbstractApplicationContext.java:691)
	at org.springframework.context.support.AbstractApplicationContext.refresh(AbstractApplicationContext.java:528)
	at org.springframework.boot.SpringApplication.refresh(SpringApplication.java:775)
	at org.springframework.boot.SpringApplication.refreshContext(SpringApplication.java:397)
	at org.springframework.boot.SpringApplication.run(SpringApplication.java:316)
	at org.springframework.boot.SpringApplication.run(SpringApplication.java:1260)
	at org.springframework.boot.SpringApplication.run(SpringApplication.java:1248)
	at fr.recia.grr.MetierApplication.main(MetierApplication.java:17)
	at java.base/jdk.internal.reflect.NativeMethodAccessorImpl.invoke0(Native Method)
	at java.base/jdk.internal.reflect.NativeMethodAccessorImpl.invoke(NativeMethodAccessorImpl.java:62)
	at java.base/jdk.internal.reflect.DelegatingMethodAccessorImpl.invoke(DelegatingMethodAccessorImpl.java:43)
	at java.base/java.lang.reflect.Method.invoke(Method.java:564)
	at org.springframework.boot.devtools.restart.RestartLauncher.run(RestartLauncher.java:49)
Caused by: java.io.FileNotFoundException: class path resource [regroupementEtablissements.properties] cannot be opened because it does not exist
	at org.springframework.core.io.ClassPathResource.getInputStream(ClassPathResource.java:180)
	at org.springframework.core.io.support.EncodedResource.getInputStream(EncodedResource.java:159)
	at org.springframework.core.io.support.PropertiesLoaderUtils.fillProperties(PropertiesLoaderUtils.java:99)
	at org.springframework.core.io.support.PropertiesLoaderUtils.fillProperties(PropertiesLoaderUtils.java:73)
	at org.springframework.core.io.support.PropertiesLoaderUtils.loadProperties(PropertiesLoaderUtils.java:59)
	at org.springframework.core.io.support.ResourcePropertySource.<init>(ResourcePropertySource.java:67)
	at org.springframework.core.io.support.DefaultPropertySourceFactory.createPropertySource(DefaultPropertySourceFactory.java:37)
	at org.springframework.context.annotation.ConfigurationClassParser.processPropertySource(ConfigurationClassParser.java:452)
	at org.springframework.context.annotation.ConfigurationClassParser.doProcessConfigurationClass(ConfigurationClassParser.java:271)
	at org.springframework.context.annotation.ConfigurationClassParser.processConfigurationClass(ConfigurationClassParser.java:242)
	at org.springframework.context.annotation.ConfigurationClassParser.parse(ConfigurationClassParser.java:199)
	at org.springframework.context.annotation.ConfigurationClassParser.parse(ConfigurationClassParser.java:167)
	... 17 common frames omitted
2019-03-27 09:25:44,225 [INFO ] fr.recia.grr.MetierApplication - Starting MetierApplication on GFI302151 with PID 18184 (E:\RECIA\ESCOSynchroGRR\target\classes started by FRUP69169 in E:\RECIA\ESCOSynchroGRR)
2019-03-27 09:25:44,229 [DEBUG] fr.recia.grr.MetierApplication - Running with Spring Boot v2.1.1.RELEASE, Spring v5.1.3.RELEASE
2019-03-27 09:25:44,230 [INFO ] fr.recia.grr.MetierApplication - No active profile set, falling back to default profiles: default
2019-03-27 09:25:46,641 [INFO ] fr.recia.grr.MetierApplication - Started MetierApplication in 2.769 seconds (JVM running for 3.932)
2019-03-27 10:51:39,020 [INFO ] fr.recia.grr.MetierApplication - Starting MetierApplication on GFI302151 with PID 24232 (E:\RECIA\ESCOSynchroGRR\target\classes started by FRUP69169 in E:\RECIA\ESCOSynchroGRR)
2019-03-27 10:51:39,030 [DEBUG] fr.recia.grr.MetierApplication - Running with Spring Boot v2.1.1.RELEASE, Spring v5.1.3.RELEASE
2019-03-27 10:51:39,030 [INFO ] fr.recia.grr.MetierApplication - No active profile set, falling back to default profiles: default
2019-03-27 10:51:43,168 [INFO ] fr.recia.grr.MetierApplication - Started MetierApplication in 4.526 seconds (JVM running for 5.969)
