2012-02-22 17:29:40,230 INFO  [org.crlr.synchronisationGrr.Alimentation] - Recherche des établissements à inserer
2012-02-22 17:29:40,529 INFO  [org.crlr.synchronisationGrr.Alimentation] - Nombre de établissements à inserer 83
2012-02-22 17:29:41,559 INFO  [org.crlr.synchronisationGrr.Alimentation] - Recherche des utilisateurs à inserer
2012-02-22 17:30:30,494 INFO  [org.crlr.synchronisationGrr.Migration] - Recherche des établissements à inserer
2012-02-22 17:30:30,731 INFO  [org.crlr.synchronisationGrr.Migration] - Nombre de établissements à inserer 83
2012-02-22 17:30:30,735 INFO  [org.crlr.synchronisationGrr.Migration] - Migration de 0180005H --> grr_netocentre
2012-02-22 17:30:31,832 ERROR [org.crlr.synchronisationGrr.Migration] - Pas de BDD associée à l'UAI 0180006J
2012-02-22 17:30:31,833 ERROR [org.crlr.synchronisationGrr.Migration] - Pas de BDD associée à l'UAI 0180007K
2012-02-22 17:30:31,833 ERROR [org.crlr.synchronisationGrr.Migration] - Pas de BDD associée à l'UAI 0180008L
2012-02-22 17:30:31,833 ERROR [org.crlr.synchronisationGrr.Migration] - Pas de BDD associée à l'UAI 0180009M
2012-02-22 17:30:31,833 ERROR [org.crlr.synchronisationGrr.Migration] - Pas de BDD associée à l'UAI 0180010N
2012-02-22 17:30:31,833 ERROR [org.crlr.synchronisationGrr.Migration] - Pas de BDD associée à l'UAI 0180024D
2012-02-22 17:30:31,833 ERROR [org.crlr.synchronisationGrr.Migration] - Pas de BDD associée à l'UAI 0180026F
2012-02-22 17:30:31,833 ERROR [org.crlr.synchronisationGrr.Migration] - Pas de BDD associée à l'UAI 0180036S
2012-02-22 17:30:31,834 ERROR [org.crlr.synchronisationGrr.Migration] - Pas de BDD associée à l'UAI 0180042Y
2012-02-22 17:30:31,834 ERROR [org.crlr.synchronisationGrr.Migration] - Pas de BDD associée à l'UAI 0180043Z
2012-02-22 17:30:31,834 ERROR [org.crlr.synchronisationGrr.Migration] - Pas de BDD associée à l'UAI 0180755Y
2012-02-22 17:30:31,834 ERROR [org.crlr.synchronisationGrr.Migration] - Pas de BDD associée à l'UAI 0180777X
2012-02-22 17:30:31,834 ERROR [org.crlr.synchronisationGrr.Migration] - Pas de BDD associée à l'UAI 0180823X
2012-02-22 17:30:31,834 ERROR [org.crlr.synchronisationGrr.Migration] - Pas de BDD associée à l'UAI 0280009H
2012-02-22 17:30:31,834 ERROR [org.crlr.synchronisationGrr.Migration] - Pas de BDD associée à l'UAI 0280015P
2012-02-22 17:30:31,835 ERROR [org.crlr.synchronisationGrr.Migration] - Pas de BDD associée à l'UAI 0280021W
2012-02-22 17:30:31,835 ERROR [org.crlr.synchronisationGrr.Migration] - Pas de BDD associée à l'UAI 0280022X
2012-02-22 17:30:31,835 ERROR [org.crlr.synchronisationGrr.Migration] - Pas de BDD associée à l'UAI 0280036M
2012-02-22 17:30:31,835 ERROR [org.crlr.synchronisationGrr.Migration] - Pas de BDD associée à l'UAI 0280044W
2012-02-22 17:30:31,835 ERROR [org.crlr.synchronisationGrr.Migration] - Pas de BDD associée à l'UAI 0280657M
2012-02-22 17:30:31,835 ERROR [org.crlr.synchronisationGrr.Migration] - Pas de BDD associée à l'UAI 0280659P
2012-02-22 17:30:31,835 ERROR [org.crlr.synchronisationGrr.Migration] - Pas de BDD associée à l'UAI 0280864M
2012-02-22 17:30:31,835 ERROR [org.crlr.synchronisationGrr.Migration] - Pas de BDD associée à l'UAI 0280925D
2012-02-22 17:30:31,836 ERROR [org.crlr.synchronisationGrr.Migration] - Pas de BDD associée à l'UAI 0281047L
2012-02-22 17:30:31,836 ERROR [org.crlr.synchronisationGrr.Migration] - Pas de BDD associée à l'UAI 0281077U
2012-02-22 17:30:31,836 ERROR [org.crlr.synchronisationGrr.Migration] - Pas de BDD associée à l'UAI 0360002G
2012-02-22 17:30:31,836 ERROR [org.crlr.synchronisationGrr.Migration] - Pas de BDD associée à l'UAI 0360003H
2012-02-22 17:30:31,836 ERROR [org.crlr.synchronisationGrr.Migration] - Pas de BDD associée à l'UAI 0360005K
2012-02-22 17:30:31,836 ERROR [org.crlr.synchronisationGrr.Migration] - Pas de BDD associée à l'UAI 0360008N
2012-02-22 17:30:31,836 ERROR [org.crlr.synchronisationGrr.Migration] - Pas de BDD associée à l'UAI 0360009P
2012-02-22 17:30:31,837 ERROR [org.crlr.synchronisationGrr.Migration] - Pas de BDD associée à l'UAI 0360011S
2012-02-22 17:30:31,837 ERROR [org.crlr.synchronisationGrr.Migration] - Pas de BDD associée à l'UAI 0360019A
2012-02-22 17:30:31,837 ERROR [org.crlr.synchronisationGrr.Migration] - Pas de BDD associée à l'UAI 0360024F
2012-02-22 17:30:31,837 ERROR [org.crlr.synchronisationGrr.Migration] - Pas de BDD associée à l'UAI 0360026H
2012-02-22 17:30:31,837 ERROR [org.crlr.synchronisationGrr.Migration] - Pas de BDD associée à l'UAI 0360050J
2012-02-22 17:30:31,837 ERROR [org.crlr.synchronisationGrr.Migration] - Pas de BDD associée à l'UAI 0360548A
2012-02-22 17:30:31,838 ERROR [org.crlr.synchronisationGrr.Migration] - Pas de BDD associée à l'UAI 0360658V
2012-02-22 17:30:31,838 ERROR [org.crlr.synchronisationGrr.Migration] - Pas de BDD associée à l'UAI 0370001A
2012-02-22 17:30:31,838 ERROR [org.crlr.synchronisationGrr.Migration] - Pas de BDD associée à l'UAI 0370009J
2012-02-22 17:30:31,838 ERROR [org.crlr.synchronisationGrr.Migration] - Pas de BDD associée à l'UAI 0370036N
2012-02-22 17:30:31,838 ERROR [org.crlr.synchronisationGrr.Migration] - Pas de BDD associée à l'UAI 0370037P
2012-02-22 17:30:31,838 ERROR [org.crlr.synchronisationGrr.Migration] - Pas de BDD associée à l'UAI 0370038R
2012-02-22 17:30:31,838 ERROR [org.crlr.synchronisationGrr.Migration] - Pas de BDD associée à l'UAI 0370039S
2012-02-22 17:30:31,838 ERROR [org.crlr.synchronisationGrr.Migration] - Pas de BDD associée à l'UAI 0370040T
2012-02-22 17:30:31,839 ERROR [org.crlr.synchronisationGrr.Migration] - Pas de BDD associée à l'UAI 0370053G
2012-02-22 17:30:31,839 ERROR [org.crlr.synchronisationGrr.Migration] - Pas de BDD associée à l'UAI 0370054H
2012-02-22 17:30:31,839 ERROR [org.crlr.synchronisationGrr.Migration] - Pas de BDD associée à l'UAI 0370878D
2012-02-22 17:30:31,839 ERROR [org.crlr.synchronisationGrr.Migration] - Pas de BDD associée à l'UAI 0371100V
2012-02-22 17:30:31,839 ERROR [org.crlr.synchronisationGrr.Migration] - Pas de BDD associée à l'UAI 0371122U
2012-02-22 17:30:31,839 ERROR [org.crlr.synchronisationGrr.Migration] - Pas de BDD associée à l'UAI 0371211R
2012-02-22 17:30:31,839 ERROR [org.crlr.synchronisationGrr.Migration] - Pas de BDD associée à l'UAI 0371417P
2012-02-22 17:30:31,840 ERROR [org.crlr.synchronisationGrr.Migration] - Pas de BDD associée à l'UAI 0371418R
2012-02-22 17:30:31,840 ERROR [org.crlr.synchronisationGrr.Migration] - Pas de BDD associée à l'UAI 0410002E
2012-02-22 17:30:31,840 ERROR [org.crlr.synchronisationGrr.Migration] - Pas de BDD associée à l'UAI 0410017W
2012-02-22 17:30:31,840 ERROR [org.crlr.synchronisationGrr.Migration] - Pas de BDD associée à l'UAI 0410018X
2012-02-22 17:30:31,840 ERROR [org.crlr.synchronisationGrr.Migration] - Pas de BDD associée à l'UAI 0410030K
2012-02-22 17:30:31,840 ERROR [org.crlr.synchronisationGrr.Migration] - Pas de BDD associée à l'UAI 0410031L
2012-02-22 17:30:31,840 ERROR [org.crlr.synchronisationGrr.Migration] - Pas de BDD associée à l'UAI 0410036S
2012-02-22 17:30:31,840 ERROR [org.crlr.synchronisationGrr.Migration] - Pas de BDD associée à l'UAI 0410590U
2012-02-22 17:30:31,841 ERROR [org.crlr.synchronisationGrr.Migration] - Pas de BDD associée à l'UAI 0410593X
2012-02-22 17:30:31,841 ERROR [org.crlr.synchronisationGrr.Migration] - Pas de BDD associée à l'UAI 0410629L
2012-02-22 17:30:31,841 ERROR [org.crlr.synchronisationGrr.Migration] - Pas de BDD associée à l'UAI 0410718H
2012-02-22 17:30:31,841 ERROR [org.crlr.synchronisationGrr.Migration] - Pas de BDD associée à l'UAI 0410832G
2012-02-22 17:30:31,841 ERROR [org.crlr.synchronisationGrr.Migration] - Pas de BDD associée à l'UAI 0410899E
2012-02-22 17:30:31,841 ERROR [org.crlr.synchronisationGrr.Migration] - Pas de BDD associée à l'UAI 0410959V
2012-02-22 17:30:31,841 ERROR [org.crlr.synchronisationGrr.Migration] - Pas de BDD associée à l'UAI 0450042B
2012-02-22 17:30:31,842 ERROR [org.crlr.synchronisationGrr.Migration] - Pas de BDD associée à l'UAI 0450050K
2012-02-22 17:30:31,842 ERROR [org.crlr.synchronisationGrr.Migration] - Pas de BDD associée à l'UAI 0450051L
2012-02-22 17:30:31,842 ERROR [org.crlr.synchronisationGrr.Migration] - Pas de BDD associée à l'UAI 0450062Y
2012-02-22 17:30:31,842 ERROR [org.crlr.synchronisationGrr.Migration] - Pas de BDD associée à l'UAI 0450064A
2012-02-22 17:30:31,842 ERROR [org.crlr.synchronisationGrr.Migration] - Pas de BDD associée à l'UAI 0450066C
2012-02-22 17:30:31,842 ERROR [org.crlr.synchronisationGrr.Migration] - Pas de BDD associée à l'UAI 0450750W
2012-02-22 17:30:31,842 ERROR [org.crlr.synchronisationGrr.Migration] - Pas de BDD associée à l'UAI 0450782F
2012-02-22 17:30:31,842 ERROR [org.crlr.synchronisationGrr.Migration] - Pas de BDD associée à l'UAI 0450790P
2012-02-22 17:30:31,843 ERROR [org.crlr.synchronisationGrr.Migration] - Pas de BDD associée à l'UAI 0450822X
2012-02-22 17:30:31,843 ERROR [org.crlr.synchronisationGrr.Migration] - Pas de BDD associée à l'UAI 0451067R
2012-02-22 17:30:31,843 ERROR [org.crlr.synchronisationGrr.Migration] - Pas de BDD associée à l'UAI 0451104F
2012-02-22 17:30:31,843 ERROR [org.crlr.synchronisationGrr.Migration] - Pas de BDD associée à l'UAI 0451304Y
2012-02-22 17:30:31,843 ERROR [org.crlr.synchronisationGrr.Migration] - Pas de BDD associée à l'UAI 0451442Y
2012-02-22 17:30:31,843 ERROR [org.crlr.synchronisationGrr.Migration] - Pas de BDD associée à l'UAI 0451483T
2012-02-22 17:30:31,843 ERROR [org.crlr.synchronisationGrr.Migration] - Pas de BDD associée à l'UAI 0451484U
2012-02-22 17:30:31,844 ERROR [org.crlr.synchronisationGrr.Migration] - Pas de BDD associée à l'UAI 0451526P
2012-02-22 17:30:31,844 INFO  [org.crlr.synchronisationGrr.Migration] - Traitement finalisé
2012-02-22 17:30:48,058 ERROR [org.crlr.synchronisationGrr.Utils.FileUtils] - Impossible de lire le fichier de gestion des dates de dernieres modifications : ./dateDerniereModif.txt
2012-02-22 17:30:48,059 ERROR [org.crlr.synchronisationGrr.Utils.FileUtils] - Impossible de lire le fichier de gestion des dates de dernieres modifications.
2012-03-05 14:58:25,196 INFO  [org.crlr.synchronisationGrr.Alimentation] - Recherche des établissements à inserer
2012-03-05 14:58:25,240 INFO  [org.crlr.synchronisationGrr.Alimentation] - Nombre de établissements à inserer 1
2012-03-05 14:58:25,384 INFO  [org.crlr.synchronisationGrr.Alimentation] - Recherche des utilisateurs à inserer
2012-03-05 14:58:25,392 INFO  [org.crlr.synchronisationGrr.Alimentation] - Nombre de personnes à inserer 0
2012-03-05 14:58:25,392 INFO  [org.crlr.synchronisationGrr.Alimentation] - Ecriture de la nouvelle date de modification
2012-03-05 14:58:25,392 INFO  [org.crlr.synchronisationGrr.Alimentation] - Traitement finalisé
2012-03-05 15:06:03,140 INFO  [org.crlr.synchronisationGrr.Alimentation] - Recherche des établissements à inserer
2012-03-05 15:06:03,200 INFO  [org.crlr.synchronisationGrr.Alimentation] - Nombre de établissements à inserer 1
2012-03-05 15:06:03,356 INFO  [org.crlr.synchronisationGrr.Alimentation] - Recherche des utilisateurs à inserer
2012-03-05 15:06:03,628 INFO  [org.crlr.synchronisationGrr.Alimentation] - Nombre de personnes à inserer 164
2012-03-05 15:06:05,316 INFO  [org.crlr.synchronisationGrr.Alimentation] - Ecriture de la nouvelle date de modification
2012-03-05 15:06:05,316 INFO  [org.crlr.synchronisationGrr.Alimentation] - Traitement finalisé
2012-03-05 18:22:32,152 INFO  [org.crlr.synchronisationGrr.Alimentation] - Recherche des établissements à inserer
2012-03-05 18:22:32,896 INFO  [org.crlr.synchronisationGrr.Alimentation] - Nombre de établissements à inserer 2 283
2012-03-05 18:22:40,772 INFO  [org.crlr.synchronisationGrr.Alimentation] - Recherche des utilisateurs à inserer
2012-03-05 18:22:40,776 INFO  [org.crlr.synchronisationGrr.Alimentation] - Nombre de personnes à inserer 0
2012-03-05 18:22:40,776 INFO  [org.crlr.synchronisationGrr.Alimentation] - Ecriture de la nouvelle date de modification
2012-03-05 18:22:40,780 INFO  [org.crlr.synchronisationGrr.Alimentation] - Traitement finalisé
2012-03-05 18:33:01,535 INFO  [org.crlr.synchronisationGrr.Alimentation] - Recherche des établissements à inserer
2012-03-05 18:33:01,667 INFO  [org.crlr.synchronisationGrr.Alimentation] - Nombre de établissements à inserer 105
2012-03-05 18:33:02,215 INFO  [org.crlr.synchronisationGrr.Alimentation] - Recherche des utilisateurs à inserer
2012-03-05 18:33:02,223 INFO  [org.crlr.synchronisationGrr.Alimentation] - Nombre de personnes à inserer 0
2012-03-05 18:33:02,227 INFO  [org.crlr.synchronisationGrr.Alimentation] - Ecriture de la nouvelle date de modification
2012-03-05 18:33:02,227 INFO  [org.crlr.synchronisationGrr.Alimentation] - Traitement finalisé
2012-03-05 18:41:09,299 INFO  [org.crlr.synchronisationGrr.Alimentation] - Recherche des établissements à inserer
2012-03-05 18:41:09,395 INFO  [org.crlr.synchronisationGrr.Alimentation] - Nombre de établissements à inserer 1
2012-03-05 18:41:09,551 INFO  [org.crlr.synchronisationGrr.Alimentation] - Recherche des utilisateurs à inserer
2012-03-05 18:41:09,559 INFO  [org.crlr.synchronisationGrr.Alimentation] - Nombre de personnes à inserer 0
2012-03-05 18:41:09,563 INFO  [org.crlr.synchronisationGrr.Alimentation] - Ecriture de la nouvelle date de modification
2012-03-05 18:41:09,563 INFO  [org.crlr.synchronisationGrr.Alimentation] - Traitement finalisé
2012-03-05 18:42:08,888 INFO  [org.crlr.synchronisationGrr.Alimentation] - Recherche des établissements à inserer
2012-03-05 18:42:08,944 INFO  [org.crlr.synchronisationGrr.Alimentation] - Nombre de établissements à inserer 1
2012-03-05 18:42:09,108 INFO  [org.crlr.synchronisationGrr.Alimentation] - Recherche des utilisateurs à inserer
2012-03-05 18:42:09,112 INFO  [org.crlr.synchronisationGrr.Alimentation] - Nombre de personnes à inserer 0
2012-03-05 18:42:09,112 INFO  [org.crlr.synchronisationGrr.Alimentation] - Ecriture de la nouvelle date de modification
2012-03-05 18:42:09,116 INFO  [org.crlr.synchronisationGrr.Alimentation] - Traitement finalisé
2012-03-05 18:43:41,030 INFO  [org.crlr.synchronisationGrr.Alimentation] - Recherche des établissements à inserer
2012-03-05 18:43:41,082 INFO  [org.crlr.synchronisationGrr.Alimentation] - Nombre de établissements à inserer 1
2012-03-05 18:43:41,230 INFO  [org.crlr.synchronisationGrr.Alimentation] - Recherche des utilisateurs à inserer
2012-03-05 18:43:41,238 INFO  [org.crlr.synchronisationGrr.Alimentation] - Nombre de personnes à inserer 0
2012-03-05 18:43:41,238 INFO  [org.crlr.synchronisationGrr.Alimentation] - Ecriture de la nouvelle date de modification
2012-03-05 18:43:41,238 INFO  [org.crlr.synchronisationGrr.Alimentation] - Traitement finalisé
2012-03-05 19:15:44,057 INFO  [org.crlr.synchronisationGrr.Alimentation] - Recherche des établissements à inserer
2012-03-05 19:15:44,197 INFO  [org.crlr.synchronisationGrr.Alimentation] - Nombre de établissements à inserer 99
2012-03-05 19:15:44,713 INFO  [org.crlr.synchronisationGrr.Alimentation] - Recherche des utilisateurs à inserer
2012-03-05 19:15:44,721 INFO  [org.crlr.synchronisationGrr.Alimentation] - Nombre de personnes à inserer 0
2012-03-05 19:15:44,725 INFO  [org.crlr.synchronisationGrr.Alimentation] - Ecriture de la nouvelle date de modification
2012-03-05 19:15:44,725 INFO  [org.crlr.synchronisationGrr.Alimentation] - Traitement finalisé
2012-03-05 19:22:54,899 INFO  [org.crlr.synchronisationGrr.Alimentation] - Recherche des établissements à inserer
2012-03-05 19:22:55,027 INFO  [org.crlr.synchronisationGrr.Alimentation] - Nombre de établissements à inserer 99
2012-03-05 19:22:55,555 INFO  [org.crlr.synchronisationGrr.Alimentation] - Recherche des utilisateurs à inserer
2012-03-05 19:22:55,559 INFO  [org.crlr.synchronisationGrr.Alimentation] - Nombre de personnes à inserer 0
2012-03-05 19:22:55,563 INFO  [org.crlr.synchronisationGrr.Alimentation] - Ecriture de la nouvelle date de modification
2012-03-05 19:22:55,563 INFO  [org.crlr.synchronisationGrr.Alimentation] - Traitement finalisé
2012-03-13 14:39:12,713 INFO  [org.crlr.synchronisationGrr.Alimentation] - Recherche des établissements à inserer
2012-03-13 14:39:13,069 INFO  [org.crlr.synchronisationGrr.Alimentation] - Nombre de établissements à inserer 99
2012-03-13 14:39:13,617 INFO  [org.crlr.synchronisationGrr.Alimentation] - Recherche des utilisateurs à inserer
2012-03-13 14:39:52,691 INFO  [org.crlr.synchronisationGrr.Alimentation] - Nombre de personnes à inserer 10 017
2012-03-13 14:41:07,562 INFO  [org.crlr.synchronisationGrr.Alimentation] - Ecriture de la nouvelle date de modification
2012-03-13 14:41:07,566 INFO  [org.crlr.synchronisationGrr.Alimentation] - Traitement finalisé
2012-03-13 15:37:18,061 INFO  [org.crlr.synchronisationGrr.Synchronisation] - Recherche des établissements modifiées
2012-03-13 15:37:20,205 INFO  [org.crlr.synchronisationGrr.Synchronisation] - Nombre de établissements modifiées 0
2012-03-13 15:37:20,205 INFO  [org.crlr.synchronisationGrr.Synchronisation] - Recherche des personnes modifiées
2012-03-13 15:37:26,345 INFO  [org.crlr.synchronisationGrr.Synchronisation] - Nombre de personnes modifiées 0
2012-03-13 15:37:26,345 INFO  [org.crlr.synchronisationGrr.Synchronisation] - Ecriture de la nouvelle date de modification
2012-03-13 15:37:26,349 INFO  [org.crlr.synchronisationGrr.Synchronisation] - Traitement finalisé
