2012-02-21 12:37:08,679 INFO  [org.crlr.synchronisationGrr.Alimentation] - Ecriture de la nouvelle date de modification
2012-02-21 12:37:08,679 INFO  [org.crlr.synchronisationGrr.Alimentation] - Traitement finalisé
2012-02-21 12:44:07,777 INFO  [org.crlr.synchronisationGrr.Migration] - Recherche des établissements à inserer
2012-02-21 12:44:08,014 INFO  [org.crlr.synchronisationGrr.Migration] - Nombre de établissements à inserer 83
2012-02-21 12:44:08,017 INFO  [org.crlr.synchronisationGrr.Migration] - Migration de 0180005H --> grr_netocentre
2012-02-21 12:44:09,481 ERROR [org.crlr.synchronisationGrr.Migration] - Pas de BDD associée à l'UAI 0180006J
2012-02-21 12:44:09,481 ERROR [org.crlr.synchronisationGrr.Migration] - Pas de BDD associée à l'UAI 0180007K
2012-02-21 12:44:09,481 ERROR [org.crlr.synchronisationGrr.Migration] - Pas de BDD associée à l'UAI 0180008L
2012-02-21 12:44:09,481 INFO  [org.crlr.synchronisationGrr.Migration] - Migration de 0180009M --> grr_netocentre
2012-02-21 12:44:09,779 INFO  [org.crlr.synchronisationGrr.Migration] - Migration de 0180010N --> grr_netocentre
2012-02-21 12:44:09,974 ERROR [org.crlr.synchronisationGrr.Migration] - Pas de BDD associée à l'UAI 0180024D
2012-02-21 12:44:09,974 ERROR [org.crlr.synchronisationGrr.Migration] - Pas de BDD associée à l'UAI 0180026F
2012-02-21 12:44:09,974 INFO  [org.crlr.synchronisationGrr.Migration] - Migration de 0180036S --> grr_netocentre
2012-02-21 12:44:10,956 ERROR [org.crlr.synchronisationGrr.Migration] - Pas de BDD associée à l'UAI 0180042Y
2012-02-21 12:44:10,957 ERROR [org.crlr.synchronisationGrr.Migration] - Pas de BDD associée à l'UAI 0180043Z
2012-02-21 12:44:10,957 ERROR [org.crlr.synchronisationGrr.Migration] - Pas de BDD associée à l'UAI 0180755Y
2012-02-21 12:44:10,957 ERROR [org.crlr.synchronisationGrr.Migration] - Pas de BDD associée à l'UAI 0180777X
2012-02-21 12:44:10,957 ERROR [org.crlr.synchronisationGrr.Migration] - Pas de BDD associée à l'UAI 0180823X
2012-02-21 12:44:10,957 ERROR [org.crlr.synchronisationGrr.Migration] - Pas de BDD associée à l'UAI 0280009H
2012-02-21 12:44:10,957 ERROR [org.crlr.synchronisationGrr.Migration] - Pas de BDD associée à l'UAI 0280015P
2012-02-21 12:44:10,958 ERROR [org.crlr.synchronisationGrr.Migration] - Pas de BDD associée à l'UAI 0280021W
2012-02-21 12:44:10,958 ERROR [org.crlr.synchronisationGrr.Migration] - Pas de BDD associée à l'UAI 0280022X
2012-02-21 12:44:10,958 ERROR [org.crlr.synchronisationGrr.Migration] - Pas de BDD associée à l'UAI 0280036M
2012-02-21 12:44:10,958 ERROR [org.crlr.synchronisationGrr.Migration] - Pas de BDD associée à l'UAI 0280044W
2012-02-21 12:44:10,958 ERROR [org.crlr.synchronisationGrr.Migration] - Pas de BDD associée à l'UAI 0280657M
2012-02-21 12:44:10,958 ERROR [org.crlr.synchronisationGrr.Migration] - Pas de BDD associée à l'UAI 0280659P
2012-02-21 12:44:10,958 ERROR [org.crlr.synchronisationGrr.Migration] - Pas de BDD associée à l'UAI 0280864M
2012-02-21 12:44:10,959 ERROR [org.crlr.synchronisationGrr.Migration] - Pas de BDD associée à l'UAI 0280925D
2012-02-21 12:44:10,959 ERROR [org.crlr.synchronisationGrr.Migration] - Pas de BDD associée à l'UAI 0281047L
2012-02-21 12:44:10,959 ERROR [org.crlr.synchronisationGrr.Migration] - Pas de BDD associée à l'UAI 0281077U
2012-02-21 12:44:10,959 ERROR [org.crlr.synchronisationGrr.Migration] - Pas de BDD associée à l'UAI 0360002G
2012-02-21 12:44:10,960 ERROR [org.crlr.synchronisationGrr.Migration] - Pas de BDD associée à l'UAI 0360003H
2012-02-21 12:44:10,960 INFO  [org.crlr.synchronisationGrr.Migration] - Migration de 0360005K --> grr_netocentre
2012-02-21 12:44:11,185 ERROR [org.crlr.synchronisationGrr.Migration] - Pas de BDD associée à l'UAI 0360008N
2012-02-21 12:44:11,186 ERROR [org.crlr.synchronisationGrr.Migration] - Pas de BDD associée à l'UAI 0360009P
2012-02-21 12:44:11,186 ERROR [org.crlr.synchronisationGrr.Migration] - Pas de BDD associée à l'UAI 0360011S
2012-02-21 12:44:11,186 ERROR [org.crlr.synchronisationGrr.Migration] - Pas de BDD associée à l'UAI 0360019A
2012-02-21 12:44:11,186 ERROR [org.crlr.synchronisationGrr.Migration] - Pas de BDD associée à l'UAI 0360024F
2012-02-21 12:44:11,186 ERROR [org.crlr.synchronisationGrr.Migration] - Pas de BDD associée à l'UAI 0360026H
2012-02-21 12:44:11,186 ERROR [org.crlr.synchronisationGrr.Migration] - Pas de BDD associée à l'UAI 0360050J
2012-02-21 12:44:11,187 ERROR [org.crlr.synchronisationGrr.Migration] - Pas de BDD associée à l'UAI 0360548A
2012-02-21 12:44:11,187 ERROR [org.crlr.synchronisationGrr.Migration] - Pas de BDD associée à l'UAI 0360658V
2012-02-21 12:44:11,187 ERROR [org.crlr.synchronisationGrr.Migration] - Pas de BDD associée à l'UAI 0370001A
2012-02-21 12:44:11,187 ERROR [org.crlr.synchronisationGrr.Migration] - Pas de BDD associée à l'UAI 0370009J
2012-02-21 12:44:11,187 ERROR [org.crlr.synchronisationGrr.Migration] - Pas de BDD associée à l'UAI 0370036N
2012-02-21 12:44:11,187 ERROR [org.crlr.synchronisationGrr.Migration] - Pas de BDD associée à l'UAI 0370037P
2012-02-21 12:44:11,187 ERROR [org.crlr.synchronisationGrr.Migration] - Pas de BDD associée à l'UAI 0370038R
2012-02-21 12:44:11,188 ERROR [org.crlr.synchronisationGrr.Migration] - Pas de BDD associée à l'UAI 0370039S
2012-02-21 12:44:11,188 ERROR [org.crlr.synchronisationGrr.Migration] - Pas de BDD associée à l'UAI 0370040T
2012-02-21 12:44:11,188 ERROR [org.crlr.synchronisationGrr.Migration] - Pas de BDD associée à l'UAI 0370053G
2012-02-21 12:44:11,188 ERROR [org.crlr.synchronisationGrr.Migration] - Pas de BDD associée à l'UAI 0370054H
2012-02-21 12:44:11,188 ERROR [org.crlr.synchronisationGrr.Migration] - Pas de BDD associée à l'UAI 0370878D
2012-02-21 12:44:11,188 ERROR [org.crlr.synchronisationGrr.Migration] - Pas de BDD associée à l'UAI 0371100V
2012-02-21 12:44:11,189 ERROR [org.crlr.synchronisationGrr.Migration] - Pas de BDD associée à l'UAI 0371122U
2012-02-21 12:44:11,189 ERROR [org.crlr.synchronisationGrr.Migration] - Pas de BDD associée à l'UAI 0371211R
2012-02-21 12:44:11,189 ERROR [org.crlr.synchronisationGrr.Migration] - Pas de BDD associée à l'UAI 0371417P
2012-02-21 12:44:11,189 ERROR [org.crlr.synchronisationGrr.Migration] - Pas de BDD associée à l'UAI 0371418R
2012-02-21 12:44:11,189 ERROR [org.crlr.synchronisationGrr.Migration] - Pas de BDD associée à l'UAI 0410002E
2012-02-21 12:44:11,189 INFO  [org.crlr.synchronisationGrr.Migration] - Migration de 0410017W --> grr_cdf
2012-02-21 12:44:12,665 ERROR [org.crlr.synchronisationGrr.Migration] - Pas de BDD associée à l'UAI 0410018X
2012-02-21 12:44:12,666 ERROR [org.crlr.synchronisationGrr.Migration] - Pas de BDD associée à l'UAI 0410030K
2012-02-21 12:44:12,666 ERROR [org.crlr.synchronisationGrr.Migration] - Pas de BDD associée à l'UAI 0410031L
2012-02-21 12:44:12,666 ERROR [org.crlr.synchronisationGrr.Migration] - Pas de BDD associée à l'UAI 0410036S
2012-02-21 12:44:12,666 ERROR [org.crlr.synchronisationGrr.Migration] - Pas de BDD associée à l'UAI 0410590U
2012-02-21 12:44:12,666 ERROR [org.crlr.synchronisationGrr.Migration] - Pas de BDD associée à l'UAI 0410593X
2012-02-21 12:44:12,667 ERROR [org.crlr.synchronisationGrr.Migration] - Pas de BDD associée à l'UAI 0410629L
2012-02-21 12:44:12,667 ERROR [org.crlr.synchronisationGrr.Migration] - Pas de BDD associée à l'UAI 0410718H
2012-02-21 12:44:12,668 ERROR [org.crlr.synchronisationGrr.Migration] - Pas de BDD associée à l'UAI 0410832G
2012-02-21 12:44:12,668 ERROR [org.crlr.synchronisationGrr.Migration] - Pas de BDD associée à l'UAI 0410899E
2012-02-21 12:44:12,668 ERROR [org.crlr.synchronisationGrr.Migration] - Pas de BDD associée à l'UAI 0410959V
2012-02-21 12:44:12,668 ERROR [org.crlr.synchronisationGrr.Migration] - Pas de BDD associée à l'UAI 0450042B
2012-02-21 12:44:12,672 ERROR [org.crlr.synchronisationGrr.Migration] - Pas de BDD associée à l'UAI 0450050K
2012-02-21 12:44:12,673 ERROR [org.crlr.synchronisationGrr.Migration] - Pas de BDD associée à l'UAI 0450051L
2012-02-21 12:44:12,673 ERROR [org.crlr.synchronisationGrr.Migration] - Pas de BDD associée à l'UAI 0450062Y
2012-02-21 12:44:12,673 ERROR [org.crlr.synchronisationGrr.Migration] - Pas de BDD associée à l'UAI 0450064A
2012-02-21 12:44:12,673 ERROR [org.crlr.synchronisationGrr.Migration] - Pas de BDD associée à l'UAI 0450066C
2012-02-21 12:44:12,673 ERROR [org.crlr.synchronisationGrr.Migration] - Pas de BDD associée à l'UAI 0450750W
2012-02-21 12:44:12,674 ERROR [org.crlr.synchronisationGrr.Migration] - Pas de BDD associée à l'UAI 0450782F
2012-02-21 12:44:12,674 ERROR [org.crlr.synchronisationGrr.Migration] - Pas de BDD associée à l'UAI 0450790P
2012-02-21 12:44:12,674 ERROR [org.crlr.synchronisationGrr.Migration] - Pas de BDD associée à l'UAI 0450822X
2012-02-21 12:44:12,674 ERROR [org.crlr.synchronisationGrr.Migration] - Pas de BDD associée à l'UAI 0451067R
2012-02-21 12:44:12,675 ERROR [org.crlr.synchronisationGrr.Migration] - Pas de BDD associée à l'UAI 0451104F
2012-02-21 12:44:12,676 ERROR [org.crlr.synchronisationGrr.Migration] - Pas de BDD associée à l'UAI 0451304Y
2012-02-21 12:44:12,676 ERROR [org.crlr.synchronisationGrr.Migration] - Pas de BDD associée à l'UAI 0451442Y
2012-02-21 12:44:12,676 ERROR [org.crlr.synchronisationGrr.Migration] - Pas de BDD associée à l'UAI 0451483T
2012-02-21 12:44:12,676 ERROR [org.crlr.synchronisationGrr.Migration] - Pas de BDD associée à l'UAI 0451484U
2012-02-21 12:44:12,676 ERROR [org.crlr.synchronisationGrr.Migration] - Pas de BDD associée à l'UAI 0451526P
2012-02-21 12:44:12,676 INFO  [org.crlr.synchronisationGrr.Migration] - Traitement finalisé
2012-02-22 15:26:32,224 INFO  [org.crlr.synchronisationGrr.Migration] - Recherche des établissements à inserer
2012-02-22 15:26:32,577 INFO  [org.crlr.synchronisationGrr.Migration] - Nombre de établissements à inserer 83
2012-02-22 15:26:32,580 INFO  [org.crlr.synchronisationGrr.Migration] - Migration de 0180005H --> grr_netocentre
2012-02-22 15:26:34,295 ERROR [org.crlr.synchronisationGrr.Migration] - Pas de BDD associée à l'UAI 0180006J
2012-02-22 15:26:34,295 ERROR [org.crlr.synchronisationGrr.Migration] - Pas de BDD associée à l'UAI 0180007K
2012-02-22 15:26:34,295 ERROR [org.crlr.synchronisationGrr.Migration] - Pas de BDD associée à l'UAI 0180008L
2012-02-22 15:26:34,295 ERROR [org.crlr.synchronisationGrr.Migration] - Pas de BDD associée à l'UAI 0180009M
2012-02-22 15:26:34,296 ERROR [org.crlr.synchronisationGrr.Migration] - Pas de BDD associée à l'UAI 0180010N
2012-02-22 15:26:34,296 ERROR [org.crlr.synchronisationGrr.Migration] - Pas de BDD associée à l'UAI 0180024D
2012-02-22 15:26:34,296 ERROR [org.crlr.synchronisationGrr.Migration] - Pas de BDD associée à l'UAI 0180026F
2012-02-22 15:26:34,296 ERROR [org.crlr.synchronisationGrr.Migration] - Pas de BDD associée à l'UAI 0180036S
2012-02-22 15:26:34,296 ERROR [org.crlr.synchronisationGrr.Migration] - Pas de BDD associée à l'UAI 0180042Y
2012-02-22 15:26:34,296 ERROR [org.crlr.synchronisationGrr.Migration] - Pas de BDD associée à l'UAI 0180043Z
2012-02-22 15:26:34,297 ERROR [org.crlr.synchronisationGrr.Migration] - Pas de BDD associée à l'UAI 0180755Y
2012-02-22 15:26:34,297 ERROR [org.crlr.synchronisationGrr.Migration] - Pas de BDD associée à l'UAI 0180777X
2012-02-22 15:26:34,297 ERROR [org.crlr.synchronisationGrr.Migration] - Pas de BDD associée à l'UAI 0180823X
2012-02-22 15:26:34,297 ERROR [org.crlr.synchronisationGrr.Migration] - Pas de BDD associée à l'UAI 0280009H
2012-02-22 15:26:34,297 ERROR [org.crlr.synchronisationGrr.Migration] - Pas de BDD associée à l'UAI 0280015P
2012-02-22 15:26:34,298 ERROR [org.crlr.synchronisationGrr.Migration] - Pas de BDD associée à l'UAI 0280021W
2012-02-22 15:26:34,298 ERROR [org.crlr.synchronisationGrr.Migration] - Pas de BDD associée à l'UAI 0280022X
2012-02-22 15:26:34,298 ERROR [org.crlr.synchronisationGrr.Migration] - Pas de BDD associée à l'UAI 0280036M
2012-02-22 15:26:34,298 ERROR [org.crlr.synchronisationGrr.Migration] - Pas de BDD associée à l'UAI 0280044W
2012-02-22 15:26:34,298 ERROR [org.crlr.synchronisationGrr.Migration] - Pas de BDD associée à l'UAI 0280657M
2012-02-22 15:26:34,299 ERROR [org.crlr.synchronisationGrr.Migration] - Pas de BDD associée à l'UAI 0280659P
2012-02-22 15:26:34,299 ERROR [org.crlr.synchronisationGrr.Migration] - Pas de BDD associée à l'UAI 0280864M
2012-02-22 15:26:34,299 ERROR [org.crlr.synchronisationGrr.Migration] - Pas de BDD associée à l'UAI 0280925D
2012-02-22 15:26:34,299 ERROR [org.crlr.synchronisationGrr.Migration] - Pas de BDD associée à l'UAI 0281047L
2012-02-22 15:26:34,299 ERROR [org.crlr.synchronisationGrr.Migration] - Pas de BDD associée à l'UAI 0281077U
2012-02-22 15:26:34,299 ERROR [org.crlr.synchronisationGrr.Migration] - Pas de BDD associée à l'UAI 0360002G
2012-02-22 15:26:34,300 ERROR [org.crlr.synchronisationGrr.Migration] - Pas de BDD associée à l'UAI 0360003H
2012-02-22 15:26:34,300 ERROR [org.crlr.synchronisationGrr.Migration] - Pas de BDD associée à l'UAI 0360005K
2012-02-22 15:26:34,300 ERROR [org.crlr.synchronisationGrr.Migration] - Pas de BDD associée à l'UAI 0360008N
2012-02-22 15:26:34,300 ERROR [org.crlr.synchronisationGrr.Migration] - Pas de BDD associée à l'UAI 0360009P
2012-02-22 15:26:34,300 ERROR [org.crlr.synchronisationGrr.Migration] - Pas de BDD associée à l'UAI 0360011S
2012-02-22 15:26:34,301 ERROR [org.crlr.synchronisationGrr.Migration] - Pas de BDD associée à l'UAI 0360019A
2012-02-22 15:26:34,301 ERROR [org.crlr.synchronisationGrr.Migration] - Pas de BDD associée à l'UAI 0360024F
2012-02-22 15:26:34,301 ERROR [org.crlr.synchronisationGrr.Migration] - Pas de BDD associée à l'UAI 0360026H
2012-02-22 15:26:34,302 ERROR [org.crlr.synchronisationGrr.Migration] - Pas de BDD associée à l'UAI 0360050J
2012-02-22 15:26:34,302 ERROR [org.crlr.synchronisationGrr.Migration] - Pas de BDD associée à l'UAI 0360548A
2012-02-22 15:26:34,302 ERROR [org.crlr.synchronisationGrr.Migration] - Pas de BDD associée à l'UAI 0360658V
2012-02-22 15:26:34,302 ERROR [org.crlr.synchronisationGrr.Migration] - Pas de BDD associée à l'UAI 0370001A
2012-02-22 15:26:34,302 ERROR [org.crlr.synchronisationGrr.Migration] - Pas de BDD associée à l'UAI 0370009J
2012-02-22 15:26:34,302 ERROR [org.crlr.synchronisationGrr.Migration] - Pas de BDD associée à l'UAI 0370036N
2012-02-22 15:26:34,303 ERROR [org.crlr.synchronisationGrr.Migration] - Pas de BDD associée à l'UAI 0370037P
2012-02-22 15:26:34,303 ERROR [org.crlr.synchronisationGrr.Migration] - Pas de BDD associée à l'UAI 0370038R
2012-02-22 15:26:34,303 ERROR [org.crlr.synchronisationGrr.Migration] - Pas de BDD associée à l'UAI 0370039S
2012-02-22 15:26:34,303 ERROR [org.crlr.synchronisationGrr.Migration] - Pas de BDD associée à l'UAI 0370040T
2012-02-22 15:26:34,303 ERROR [org.crlr.synchronisationGrr.Migration] - Pas de BDD associée à l'UAI 0370053G
2012-02-22 15:26:34,303 ERROR [org.crlr.synchronisationGrr.Migration] - Pas de BDD associée à l'UAI 0370054H
2012-02-22 15:26:34,304 ERROR [org.crlr.synchronisationGrr.Migration] - Pas de BDD associée à l'UAI 0370878D
2012-02-22 15:26:34,304 ERROR [org.crlr.synchronisationGrr.Migration] - Pas de BDD associée à l'UAI 0371100V
2012-02-22 15:26:34,304 ERROR [org.crlr.synchronisationGrr.Migration] - Pas de BDD associée à l'UAI 0371122U
2012-02-22 15:26:34,304 ERROR [org.crlr.synchronisationGrr.Migration] - Pas de BDD associée à l'UAI 0371211R
2012-02-22 15:26:34,305 ERROR [org.crlr.synchronisationGrr.Migration] - Pas de BDD associée à l'UAI 0371417P
2012-02-22 15:26:34,306 ERROR [org.crlr.synchronisationGrr.Migration] - Pas de BDD associée à l'UAI 0371418R
2012-02-22 15:26:34,306 ERROR [org.crlr.synchronisationGrr.Migration] - Pas de BDD associée à l'UAI 0410002E
2012-02-22 15:26:34,306 ERROR [org.crlr.synchronisationGrr.Migration] - Pas de BDD associée à l'UAI 0410017W
2012-02-22 15:26:34,306 ERROR [org.crlr.synchronisationGrr.Migration] - Pas de BDD associée à l'UAI 0410018X
2012-02-22 15:26:34,306 ERROR [org.crlr.synchronisationGrr.Migration] - Pas de BDD associée à l'UAI 0410030K
2012-02-22 15:26:34,306 ERROR [org.crlr.synchronisationGrr.Migration] - Pas de BDD associée à l'UAI 0410031L
2012-02-22 15:26:34,307 ERROR [org.crlr.synchronisationGrr.Migration] - Pas de BDD associée à l'UAI 0410036S
2012-02-22 15:26:34,307 ERROR [org.crlr.synchronisationGrr.Migration] - Pas de BDD associée à l'UAI 0410590U
2012-02-22 15:26:34,307 ERROR [org.crlr.synchronisationGrr.Migration] - Pas de BDD associée à l'UAI 0410593X
2012-02-22 15:26:34,307 ERROR [org.crlr.synchronisationGrr.Migration] - Pas de BDD associée à l'UAI 0410629L
2012-02-22 15:26:34,307 ERROR [org.crlr.synchronisationGrr.Migration] - Pas de BDD associée à l'UAI 0410718H
2012-02-22 15:26:34,307 ERROR [org.crlr.synchronisationGrr.Migration] - Pas de BDD associée à l'UAI 0410832G
2012-02-22 15:26:34,308 ERROR [org.crlr.synchronisationGrr.Migration] - Pas de BDD associée à l'UAI 0410899E
2012-02-22 15:26:34,308 ERROR [org.crlr.synchronisationGrr.Migration] - Pas de BDD associée à l'UAI 0410959V
2012-02-22 15:26:34,308 ERROR [org.crlr.synchronisationGrr.Migration] - Pas de BDD associée à l'UAI 0450042B
2012-02-22 15:26:34,311 ERROR [org.crlr.synchronisationGrr.Migration] - Pas de BDD associée à l'UAI 0450050K
2012-02-22 15:26:34,312 ERROR [org.crlr.synchronisationGrr.Migration] - Pas de BDD associée à l'UAI 0450051L
2012-02-22 15:26:34,312 ERROR [org.crlr.synchronisationGrr.Migration] - Pas de BDD associée à l'UAI 0450062Y
2012-02-22 15:26:34,312 ERROR [org.crlr.synchronisationGrr.Migration] - Pas de BDD associée à l'UAI 0450064A
2012-02-22 15:26:34,312 ERROR [org.crlr.synchronisationGrr.Migration] - Pas de BDD associée à l'UAI 0450066C
2012-02-22 15:26:34,312 ERROR [org.crlr.synchronisationGrr.Migration] - Pas de BDD associée à l'UAI 0450750W
2012-02-22 15:26:34,312 ERROR [org.crlr.synchronisationGrr.Migration] - Pas de BDD associée à l'UAI 0450782F
2012-02-22 15:26:34,313 ERROR [org.crlr.synchronisationGrr.Migration] - Pas de BDD associée à l'UAI 0450790P
2012-02-22 15:26:34,313 ERROR [org.crlr.synchronisationGrr.Migration] - Pas de BDD associée à l'UAI 0450822X
2012-02-22 15:26:34,314 ERROR [org.crlr.synchronisationGrr.Migration] - Pas de BDD associée à l'UAI 0451067R
2012-02-22 15:26:34,315 ERROR [org.crlr.synchronisationGrr.Migration] - Pas de BDD associée à l'UAI 0451104F
2012-02-22 15:26:34,315 ERROR [org.crlr.synchronisationGrr.Migration] - Pas de BDD associée à l'UAI 0451304Y
2012-02-22 15:26:34,316 ERROR [org.crlr.synchronisationGrr.Migration] - Pas de BDD associée à l'UAI 0451442Y
2012-02-22 15:26:34,316 ERROR [org.crlr.synchronisationGrr.Migration] - Pas de BDD associée à l'UAI 0451483T
2012-02-22 15:26:34,317 ERROR [org.crlr.synchronisationGrr.Migration] - Pas de BDD associée à l'UAI 0451484U
2012-02-22 15:26:34,317 ERROR [org.crlr.synchronisationGrr.Migration] - Pas de BDD associée à l'UAI 0451526P
2012-02-22 15:26:34,317 INFO  [org.crlr.synchronisationGrr.Migration] - Traitement finalisé
2012-02-22 15:26:44,844 INFO  [org.crlr.synchronisationGrr.Migration] - Recherche des établissements à inserer
2012-02-22 15:26:45,242 INFO  [org.crlr.synchronisationGrr.Migration] - Nombre de établissements à inserer 83
2012-02-22 15:26:45,246 INFO  [org.crlr.synchronisationGrr.Migration] - Migration de 0180005H --> grr_netocentre
